{
  "stats": {
    "suites": 1,
    "tests": 3,
    "passes": 3,
    "pending": 0,
    "failures": 0,
    "start": "2021-04-09T11:13:35.672Z",
    "end": "2021-04-09T11:13:36.598Z",
    "duration": 926,
    "testsRegistered": 3,
    "passPercent": 100,
    "pendingPercent": 0,
    "other": 0,
    "hasOther": false,
    "skipped": 0,
    "hasSkipped": false
  },
  "results": [
    {
      "uuid": "2307daf1-c3dd-4888-a627-fafd5279298b",
      "title": "",
      "fullFile": "cypress/integration/API/api.js",
      "file": "cypress/integration/API/api.js",
      "beforeHooks": [],
      "afterHooks": [],
      "tests": [],
      "suites": [
        {
          "uuid": "859b7155-795d-4108-b0d8-ced81e6cdee6",
          "title": "api test",
          "fullFile": "",
          "file": "",
          "beforeHooks": [],
          "afterHooks": [],
          "tests": [
            {
              "title": "Get member details",
              "fullTitle": "api test Get member details",
              "timedOut": null,
              "duration": 525,
              "state": "passed",
              "speed": "slow",
              "pass": true,
              "fail": false,
              "pending": false,
              "context": null,
              "code": "cy.request({\n  method: 'GET',\n  url: '/members/John?key=063ae17508bef65f8d726e8f504e896f&token=974634547231230109a755594ce1a4af06ee5d68fbd79f46acc89a655432eb87'\n}).then(function (response) {\n  //expect(response).to.have.property('status',200);\n  expect(response.status).equal(200);\n  expect(response.body).to.not.be[\"null\"];\n  expect(response.body.idBoards).to.have.length(11);\n});",
              "err": {},
              "uuid": "56a0d912-40dc-4c1d-a294-892794f3e7c8",
              "parentUUID": "859b7155-795d-4108-b0d8-ced81e6cdee6",
              "isHook": false,
              "skipped": false
            },
            {
              "title": "crate board",
              "fullTitle": "api test crate board",
              "timedOut": null,
              "duration": 236,
              "state": "passed",
              "speed": "slow",
              "pass": true,
              "fail": false,
              "pending": false,
              "context": null,
              "code": "cy.request({\n  method: 'POST',\n  url: '/boards/?key=063ae17508bef65f8d726e8f504e896f&token=974634547231230109a755594ce1a4af06ee5d68fbd79f46acc89a655432eb87&name=preeti'\n}).its('body').should('include', {\n  name: 'preeti'\n});",
              "err": {},
              "uuid": "cc511332-de2e-4896-b162-1af88dd8c22d",
              "parentUUID": "859b7155-795d-4108-b0d8-ced81e6cdee6",
              "isHook": false,
              "skipped": false
            },
            {
              "title": "delete board",
              "fullTitle": "api test delete board",
              "timedOut": null,
              "duration": 145,
              "state": "passed",
              "speed": "slow",
              "pass": true,
              "fail": false,
              "pending": false,
              "context": null,
              "code": "cy.request({\n  method: 'DELETE',\n  url: '/boards/606e10f14e29bb8800bc95ec?key=063ae17508bef65f8d726e8f504e896f&token=974634547231230109a755594ce1a4af06ee5d68fbd79f46acc89a655432eb87',\n  failOnStatusCode: false\n}).then(function (response) {\n  expect(response).to.have.property('status', 404);\n});",
              "err": {},
              "uuid": "53bfce9d-8fc8-4239-b90d-ba813d3fc958",
              "parentUUID": "859b7155-795d-4108-b0d8-ced81e6cdee6",
              "isHook": false,
              "skipped": false
            }
          ],
          "suites": [],
          "passes": [
            "56a0d912-40dc-4c1d-a294-892794f3e7c8",
            "cc511332-de2e-4896-b162-1af88dd8c22d",
            "53bfce9d-8fc8-4239-b90d-ba813d3fc958"
          ],
          "failures": [],
          "pending": [],
          "skipped": [],
          "duration": 906,
          "root": false,
          "rootEmpty": false,
          "_timeout": 2000
        }
      ],
      "passes": [],
      "failures": [],
      "pending": [],
      "skipped": [],
      "duration": 0,
      "root": true,
      "rootEmpty": true,
      "_timeout": 2000
    }
  ],
  "meta": {
    "mocha": {
      "version": "7.0.1"
    },
    "mochawesome": {
      "options": {
        "quiet": false,
        "reportFilename": "mochawesome",
        "saveHtml": false,
        "saveJson": true,
        "consoleReporter": "spec",
        "useInlineDiffs": false,
        "code": true
      },
      "version": "6.2.2"
    },
    "marge": {
      "options": {
        "id": "default",
        "reportDir": "cypress/reports/mocha",
        "quite": true,
        "overwrite": false,
        "html": false,
        "json": true
      },
      "version": "5.2.0"
    }
  }
}